<?xml version="1.0" encoding="UTF-8"?>
<!-- Generated by org.testng.reporters.JUnitXMLReporter -->
<testsuite hostname="Sathaga" ignored="0" name="TestVagrant Assignment" tests="2" failures="0" timestamp="2022-05-21T11:12:33 IST" time="0.352" errors="0">
  <testcase name="validateTeamHasAtleastOneWicketKeeper" time="0.239" classname="com.testvagrants.tests.ValidateTeamRcbJson"/>
  <testcase name="validateTeamOnlyHasFourForeignPlayers" time="0.001" classname="com.testvagrants.tests.ValidateTeamRcbJson"/>
</testsuite> <!-- TestVagrant Assignment -->
