<?xml version="1.0" encoding="UTF-8"?>
<!-- Generated by org.testng.reporters.JUnitXMLReporter -->
<testsuite hostname="Sathaga" name="Default test" tests="2" failures="0" timestamp="21 May 2022 14:16:04 GMT" time="0.332" errors="0">
  <testcase name="validateTeamOnlyHasFourForeignPlayers" time="0.292" classname="com.testvagrants.tests.ValidateTeamRcbJson"/>
  <testcase name="validateTeamHasAtleastOneWicketKeeper" time="0.007" classname="com.testvagrants.tests.ValidateTeamRcbJson"/>
</testsuite> <!-- Default test -->
