<?xml version="1.0" encoding="UTF-8"?>
<!-- Generated by org.testng.reporters.JUnitXMLReporter -->
<testsuite hostname="Sathaga" name="Default test" tests="2" failures="0" timestamp="20 May 2022 13:10:52 GMT" time="0.301" errors="0">
  <testcase name="validateTeamHasAtleastOneWicketKeeper" time="0.274" classname="com.testvagrants.tests.ValidateTeamRcbJson"/>
  <testcase name="validateTeamOnlyHasFourForeignPlayers" time="0.002" classname="com.testvagrants.tests.ValidateTeamRcbJson"/>
</testsuite> <!-- Default test -->
