<?xml version="1.0" encoding="UTF-8"?>
<!-- Generated by org.testng.reporters.JUnitXMLReporter -->
<testsuite hostname="Sathaga" name="Test" tests="2" failures="0" timestamp="20 May 2022 13:12:45 GMT" time="0.343" errors="0">
  <testcase name="validateTeamHasAtleastOneWicketKeeper" time="0.311" classname="com.testvagrants.tests.ValidateTeamRcbJson"/>
  <testcase name="validateTeamOnlyHasFourForeignPlayers" time="0.001" classname="com.testvagrants.tests.ValidateTeamRcbJson"/>
</testsuite> <!-- Test -->
