<?xml version="1.0" encoding="UTF-8"?>
<!-- Generated by org.testng.reporters.JUnitXMLReporter -->
<testsuite hostname="Sathaga" name="TestVagrant Assignment" tests="2" failures="0" timestamp="21 May 2022 14:10:34 GMT" time="1.171" errors="0">
  <testcase name="validateTeamHasAtleastOneWicketKeeper" time="1.111" classname="com.testvagrants.tests.ValidateTeamRcbJson"/>
  <testcase name="validateTeamOnlyHasFourForeignPlayers" time="0.001" classname="com.testvagrants.tests.ValidateTeamRcbJson"/>
</testsuite> <!-- TestVagrant Assignment -->
