<?xml version="1.0" encoding="UTF-8"?>
<testng-results skipped="0" failed="0" total="2" passed="2">
  <reporter-output>
  </reporter-output>
  <suite name="TestVagrant Test Suite" duration-ms="294" started-at="2022-05-20T13:13:58Z" finished-at="2022-05-20T13:13:59Z">
    <groups>
    </groups>
    <test name="TestVagrant Assignment" duration-ms="294" started-at="2022-05-20T13:13:58Z" finished-at="2022-05-20T13:13:59Z">
      <class name="com.testvagrants.tests.ValidateTeamRcbJson">
        <test-method status="PASS" signature="validateTeamHasAtleastOneWicketKeeper()[pri:0, instance:com.testvagrants.tests.ValidateTeamRcbJson@2f7c7260]" name="validateTeamHasAtleastOneWicketKeeper" duration-ms="265" started-at="2022-05-20T18:43:58Z" finished-at="2022-05-20T18:43:59Z">
          <reporter-output>
          </reporter-output>
        </test-method> <!-- validateTeamHasAtleastOneWicketKeeper -->
        <test-method status="PASS" signature="validateTeamOnlyHasFourForeignPlayers()[pri:0, instance:com.testvagrants.tests.ValidateTeamRcbJson@2f7c7260]" name="validateTeamOnlyHasFourForeignPlayers" duration-ms="1" started-at="2022-05-20T18:43:59Z" finished-at="2022-05-20T18:43:59Z">
          <reporter-output>
          </reporter-output>
        </test-method> <!-- validateTeamOnlyHasFourForeignPlayers -->
      </class> <!-- com.testvagrants.tests.ValidateTeamRcbJson -->
    </test> <!-- TestVagrant Assignment -->
  </suite> <!-- TestVagrant Test Suite -->
</testng-results>
