<?xml version="1.0" encoding="UTF-8"?>
<testng-results skipped="0" failed="0" total="2" passed="2">
  <reporter-output>
  </reporter-output>
  <suite name="Default suite" duration-ms="909" started-at="2022-05-26T11:55:48Z" finished-at="2022-05-26T11:55:49Z">
    <groups>
    </groups>
    <test name="Default test" duration-ms="909" started-at="2022-05-26T11:55:48Z" finished-at="2022-05-26T11:55:49Z">
      <class name="com.testvagrants.tests.ValidateTeamRcbJson">
        <test-method status="PASS" signature="validateTeamOnlyHasFourForeignPlayers()[pri:0, instance:com.testvagrants.tests.ValidateTeamRcbJson@2f7c7260]" name="validateTeamOnlyHasFourForeignPlayers" duration-ms="809" started-at="2022-05-26T17:25:48Z" description="This test is to validate team has only four foreign players" finished-at="2022-05-26T17:25:49Z">
          <reporter-output>
          </reporter-output>
        </test-method> <!-- validateTeamOnlyHasFourForeignPlayers -->
        <test-method status="PASS" signature="validateTeamHasAtleastOneWicketKeeper()[pri:1, instance:com.testvagrants.tests.ValidateTeamRcbJson@2f7c7260]" name="validateTeamHasAtleastOneWicketKeeper" duration-ms="40" started-at="2022-05-26T17:25:49Z" description="This test is to validate team has atleast one Wicket-keeper" finished-at="2022-05-26T17:25:49Z">
          <reporter-output>
          </reporter-output>
        </test-method> <!-- validateTeamHasAtleastOneWicketKeeper -->
      </class> <!-- com.testvagrants.tests.ValidateTeamRcbJson -->
    </test> <!-- Default test -->
  </suite> <!-- Default suite -->
</testng-results>
